1569834613567	mozrunner::runner	INFO	Running command: "/usr/bin/firefox" "-marionette" "-foreground" "-no-remote" "-profile" "/tmp/rust_mozprofile0TrgN6"

(firefox:22357): Gtk-WARNING **: 16:10:15.257: Theme parsing error: gtk.css:6757:29: Missing opening bracket in color definition

(firefox:22357): Gtk-WARNING **: 16:10:15.257: Theme parsing error: gtk.css:6759:34: Missing opening bracket in color definition

(firefox:22357): Gtk-WARNING **: 16:10:15.257: Theme parsing error: gtk.css:6765:28: Missing opening bracket in color definition
1569834625175	addons.webextension.screenshots@mozilla.org	WARN	Loading extension 'screenshots@mozilla.org': Reading manifest: Invalid extension permission: mozillaAddons
1569834625175	addons.webextension.screenshots@mozilla.org	WARN	Loading extension 'screenshots@mozilla.org': Reading manifest: Invalid extension permission: telemetry
1569834625175	addons.webextension.screenshots@mozilla.org	WARN	Loading extension 'screenshots@mozilla.org': Reading manifest: Invalid extension permission: resource://pdf.js/
1569834625175	addons.webextension.screenshots@mozilla.org	WARN	Loading extension 'screenshots@mozilla.org': Reading manifest: Invalid extension permission: about:reader*

(/usr/lib/firefox/firefox:22470): Gtk-WARNING **: 16:10:28.971: Theme parsing error: gtk.css:6757:29: Missing opening bracket in color definition

(/usr/lib/firefox/firefox:22470): Gtk-WARNING **: 16:10:28.971: Theme parsing error: gtk.css:6759:34: Missing opening bracket in color definition

(/usr/lib/firefox/firefox:22470): Gtk-WARNING **: 16:10:28.971: Theme parsing error: gtk.css:6765:28: Missing opening bracket in color definition

(/usr/lib/firefox/firefox:22497): Gtk-WARNING **: 16:10:29.294: Theme parsing error: gtk.css:6757:29: Missing opening bracket in color definition

(/usr/lib/firefox/firefox:22497): Gtk-WARNING **: 16:10:29.295: Theme parsing error: gtk.css:6759:34: Missing opening bracket in color definition

(/usr/lib/firefox/firefox:22497): Gtk-WARNING **: 16:10:29.295: Theme parsing error: gtk.css:6765:28: Missing opening bracket in color definition

(/usr/lib/firefox/firefox:22550): Gtk-WARNING **: 16:10:31.248: Theme parsing error: gtk.css:6757:29: Missing opening bracket in color definition

(/usr/lib/firefox/firefox:22550): Gtk-WARNING **: 16:10:31.248: Theme parsing error: gtk.css:6759:34: Missing opening bracket in color definition

(/usr/lib/firefox/firefox:22550): Gtk-WARNING **: 16:10:31.248: Theme parsing error: gtk.css:6765:28: Missing opening bracket in color definition
1569834631631	Marionette	INFO	Listening on port 38891
1569834631730	Marionette	WARN	TLS certificate errors will be ignored for this session
1569834633587	Marionette	INFO	Stopped listening on port 38891
JavaScript error: resource://gre/modules/UrlClassifierListManager.jsm, line 680: TypeError: this.tablesData[table] is undefined
1569834682947	mozrunner::runner	INFO	Running command: "/usr/bin/firefox" "-marionette" "-foreground" "-no-remote" "-profile" "/tmp/rust_mozprofile2RXaML"

(firefox:22664): Gtk-WARNING **: 16:11:23.003: Theme parsing error: gtk.css:6757:29: Missing opening bracket in color definition

(firefox:22664): Gtk-WARNING **: 16:11:23.003: Theme parsing error: gtk.css:6759:34: Missing opening bracket in color definition

(firefox:22664): Gtk-WARNING **: 16:11:23.003: Theme parsing error: gtk.css:6765:28: Missing opening bracket in color definition
1569834683637	addons.webextension.screenshots@mozilla.org	WARN	Loading extension 'screenshots@mozilla.org': Reading manifest: Invalid extension permission: mozillaAddons
1569834683637	addons.webextension.screenshots@mozilla.org	WARN	Loading extension 'screenshots@mozilla.org': Reading manifest: Invalid extension permission: telemetry
1569834683637	addons.webextension.screenshots@mozilla.org	WARN	Loading extension 'screenshots@mozilla.org': Reading manifest: Invalid extension permission: resource://pdf.js/
1569834683637	addons.webextension.screenshots@mozilla.org	WARN	Loading extension 'screenshots@mozilla.org': Reading manifest: Invalid extension permission: about:reader*

(/usr/lib/firefox/firefox:22716): Gtk-WARNING **: 16:11:25.108: Theme parsing error: gtk.css:6757:29: Missing opening bracket in color definition

(/usr/lib/firefox/firefox:22716): Gtk-WARNING **: 16:11:25.109: Theme parsing error: gtk.css:6759:34: Missing opening bracket in color definition

(/usr/lib/firefox/firefox:22716): Gtk-WARNING **: 16:11:25.109: Theme parsing error: gtk.css:6765:28: Missing opening bracket in color definition

(/usr/lib/firefox/firefox:22735): Gtk-WARNING **: 16:11:25.252: Theme parsing error: gtk.css:6757:29: Missing opening bracket in color definition

(/usr/lib/firefox/firefox:22735): Gtk-WARNING **: 16:11:25.252: Theme parsing error: gtk.css:6759:34: Missing opening bracket in color definition

(/usr/lib/firefox/firefox:22735): Gtk-WARNING **: 16:11:25.252: Theme parsing error: gtk.css:6765:28: Missing opening bracket in color definition

(/usr/lib/firefox/firefox:22797): Gtk-WARNING **: 16:11:26.464: Theme parsing error: gtk.css:6757:29: Missing opening bracket in color definition

(/usr/lib/firefox/firefox:22797): Gtk-WARNING **: 16:11:26.465: Theme parsing error: gtk.css:6759:34: Missing opening bracket in color definition

(/usr/lib/firefox/firefox:22797): Gtk-WARNING **: 16:11:26.465: Theme parsing error: gtk.css:6765:28: Missing opening bracket in color definition
1569834686491	Marionette	INFO	Listening on port 46215
1569834686558	Marionette	WARN	TLS certificate errors will be ignored for this session
1569834687169	Marionette	INFO	Stopped listening on port 46215
JavaScript error: resource://activity-stream/lib/ActivityStreamPrefs.jsm, line 27: NS_ERROR_ILLEGAL_VALUE: Component returned failure code: 0x80070057 (NS_ERROR_ILLEGAL_VALUE) [nsIPrefBranch.removeObserver]
console.log: "RemoteSettingsWorker error: AbortError: A request was aborted, for example through a call to IDBTransaction.abort."

###!!! [Parent][DispatchAsyncMessage] Error: PBackgroundIDBFactory::Msg_PBackgroundIDBFactoryRequestConstructor Value error: message was deserialized, but contained an illegal value


###!!! [Parent][DispatchAsyncMessage] Error: PBackgroundIDBFactory::Msg_PBackgroundIDBFactoryRequestConstructor Value error: message was deserialized, but contained an illegal value

console.log: "RemoteSettingsWorker error: UnknownError: The operation failed for reasons unrelated to the database itself and not covered by any other error code."
1569834706946	mozrunner::runner	INFO	Running command: "/usr/bin/firefox" "-marionette" "-foreground" "-no-remote" "-profile" "/tmp/rust_mozprofile4uPk5D"

(firefox:22899): Gtk-WARNING **: 16:11:47.033: Theme parsing error: gtk.css:6757:29: Missing opening bracket in color definition

(firefox:22899): Gtk-WARNING **: 16:11:47.033: Theme parsing error: gtk.css:6759:34: Missing opening bracket in color definition

(firefox:22899): Gtk-WARNING **: 16:11:47.033: Theme parsing error: gtk.css:6765:28: Missing opening bracket in color definition
1569834707677	addons.webextension.screenshots@mozilla.org	WARN	Loading extension 'screenshots@mozilla.org': Reading manifest: Invalid extension permission: mozillaAddons
1569834707677	addons.webextension.screenshots@mozilla.org	WARN	Loading extension 'screenshots@mozilla.org': Reading manifest: Invalid extension permission: telemetry
1569834707678	addons.webextension.screenshots@mozilla.org	WARN	Loading extension 'screenshots@mozilla.org': Reading manifest: Invalid extension permission: resource://pdf.js/
1569834707678	addons.webextension.screenshots@mozilla.org	WARN	Loading extension 'screenshots@mozilla.org': Reading manifest: Invalid extension permission: about:reader*

(/usr/lib/firefox/firefox:22952): Gtk-WARNING **: 16:11:48.699: Theme parsing error: gtk.css:6757:29: Missing opening bracket in color definition

(/usr/lib/firefox/firefox:22952): Gtk-WARNING **: 16:11:48.699: Theme parsing error: gtk.css:6759:34: Missing opening bracket in color definition

(/usr/lib/firefox/firefox:22952): Gtk-WARNING **: 16:11:48.699: Theme parsing error: gtk.css:6765:28: Missing opening bracket in color definition

(/usr/lib/firefox/firefox:22974): Gtk-WARNING **: 16:11:48.839: Theme parsing error: gtk.css:6757:29: Missing opening bracket in color definition

(/usr/lib/firefox/firefox:22974): Gtk-WARNING **: 16:11:48.839: Theme parsing error: gtk.css:6759:34: Missing opening bracket in color definition

(/usr/lib/firefox/firefox:22974): Gtk-WARNING **: 16:11:48.839: Theme parsing error: gtk.css:6765:28: Missing opening bracket in color definition
1569834710150	Marionette	INFO	Listening on port 38647

(/usr/lib/firefox/firefox:23068): Gtk-WARNING **: 16:11:50.166: Theme parsing error: gtk.css:6757:29: Missing opening bracket in color definition

(/usr/lib/firefox/firefox:23068): Gtk-WARNING **: 16:11:50.166: Theme parsing error: gtk.css:6759:34: Missing opening bracket in color definition

(/usr/lib/firefox/firefox:23068): Gtk-WARNING **: 16:11:50.166: Theme parsing error: gtk.css:6765:28: Missing opening bracket in color definition
1569834710179	Marionette	WARN	TLS certificate errors will be ignored for this session
1569834710839	Marionette	INFO	Stopped listening on port 38647
JavaScript error: resource://activity-stream/lib/ActivityStreamPrefs.jsm, line 27: NS_ERROR_ILLEGAL_VALUE: Component returned failure code: 0x80070057 (NS_ERROR_ILLEGAL_VALUE) [nsIPrefBranch.removeObserver]
JavaScript error: resource://gre/modules/ExtensionSettingsStore.jsm, line 117: Error: The ExtensionSettingsStore was accessed before the initialize promise resolved.
JavaScript error: resource://gre/modules/Sqlite.jsm, line 912: Error: Connection is not open.
console.log: "RemoteSettingsWorker error: UnknownError: The operation failed for reasons unrelated to the database itself and not covered by any other error code."

###!!! [Parent][DispatchAsyncMessage] Error: PBackgroundIDBFactory::Msg_PBackgroundIDBFactoryRequestConstructor Value error: message was deserialized, but contained an illegal value

JavaScript error: resource://services-common/kinto-offline-client.js, line 579: Error: IndexedDB list() The operation failed for reasons unrelated to the database itself and not covered by any other error code.
1569834716964	mozrunner::runner	INFO	Running command: "/usr/bin/firefox" "-marionette" "-foreground" "-no-remote" "-profile" "/tmp/rust_mozprofile9pus7W"

(firefox:23147): Gtk-WARNING **: 16:11:57.012: Theme parsing error: gtk.css:6757:29: Missing opening bracket in color definition

(firefox:23147): Gtk-WARNING **: 16:11:57.012: Theme parsing error: gtk.css:6759:34: Missing opening bracket in color definition

(firefox:23147): Gtk-WARNING **: 16:11:57.012: Theme parsing error: gtk.css:6765:28: Missing opening bracket in color definition
1569834717709	addons.webextension.screenshots@mozilla.org	WARN	Loading extension 'screenshots@mozilla.org': Reading manifest: Invalid extension permission: mozillaAddons
1569834717709	addons.webextension.screenshots@mozilla.org	WARN	Loading extension 'screenshots@mozilla.org': Reading manifest: Invalid extension permission: telemetry
1569834717710	addons.webextension.screenshots@mozilla.org	WARN	Loading extension 'screenshots@mozilla.org': Reading manifest: Invalid extension permission: resource://pdf.js/
1569834717710	addons.webextension.screenshots@mozilla.org	WARN	Loading extension 'screenshots@mozilla.org': Reading manifest: Invalid extension permission: about:reader*

(/usr/lib/firefox/firefox:23201): Gtk-WARNING **: 16:11:58.852: Theme parsing error: gtk.css:6757:29: Missing opening bracket in color definition

(/usr/lib/firefox/firefox:23201): Gtk-WARNING **: 16:11:58.852: Theme parsing error: gtk.css:6759:34: Missing opening bracket in color definition

(/usr/lib/firefox/firefox:23201): Gtk-WARNING **: 16:11:58.852: Theme parsing error: gtk.css:6765:28: Missing opening bracket in color definition

(/usr/lib/firefox/firefox:23220): Gtk-WARNING **: 16:11:58.994: Theme parsing error: gtk.css:6757:29: Missing opening bracket in color definition

(/usr/lib/firefox/firefox:23220): Gtk-WARNING **: 16:11:58.995: Theme parsing error: gtk.css:6759:34: Missing opening bracket in color definition

(/usr/lib/firefox/firefox:23220): Gtk-WARNING **: 16:11:58.995: Theme parsing error: gtk.css:6765:28: Missing opening bracket in color definition
1569834720270	Marionette	INFO	Listening on port 44765

(/usr/lib/firefox/firefox:23281): Gtk-WARNING **: 16:12:00.270: Theme parsing error: gtk.css:6757:29: Missing opening bracket in color definition

(/usr/lib/firefox/firefox:23281): Gtk-WARNING **: 16:12:00.271: Theme parsing error: gtk.css:6759:34: Missing opening bracket in color definition

(/usr/lib/firefox/firefox:23281): Gtk-WARNING **: 16:12:00.271: Theme parsing error: gtk.css:6765:28: Missing opening bracket in color definition
1569834720284	Marionette	WARN	TLS certificate errors will be ignored for this session
JavaScript error: resource://gre/modules/XULStore.jsm, line 66: Error: Can't find profile directory.
JavaScript error: resource://gre/modules/XULStore.jsm, line 66: Error: Can't find profile directory.
1569834728432	Marionette	INFO	Stopped listening on port 44765
